<?xml version="1.0" encoding="UTF-8"?>
<!-- Generated by org.testng.reporters.JUnitReportReporter -->
<testsuite hostname="8d9e7dc701e15d1" failures="0" tests="1" name="com.amdocs.myntra.testcases.AddCartTest" time="52.118" errors="0" timestamp="2023-09-19T09:41:10 IST" skipped="0">
  <testcase classname="com.amdocs.myntra.testcases.AddCartTest" name="AddCart" time="52.118"/>
</testsuite> <!-- com.amdocs.myntra.testcases.AddCartTest -->
