<?xml version="1.0" encoding="UTF-8"?>
<!-- Generated by org.testng.reporters.JUnitReportReporter -->
<testsuite hostname="8d9e7dc701e15d1" failures="0" tests="1" name="com.amdocs.myntra.testcases.SignInTest" time="24.914" errors="0" timestamp="2023-09-15T11:08:28 IST" skipped="0">
  <testcase classname="com.amdocs.myntra.testcases.SignInTest" name="loginTest" time="24.914"/>
</testsuite> <!-- com.amdocs.myntra.testcases.SignInTest -->
